# JRE version: OpenJDK Runtime Environment (11.0.12+7) (build 11.0.12+7-b1504.28-7817840)
# Java VM: OpenJDK 64-Bit Server VM (11.0.12+7-b1504.28-7817840, mixed mode, tiered, compressed oops, g1 gc, windows-amd64)
Heap:
 garbage-first heap   total 63488K, used 29580K [0x0000000080000000, 0x0000000100000000)
  region size 1024K, 6 young (6144K), 3 survivors (3072K)
 Metaspace       used 40753K, capacity 41697K, committed 41984K, reserved 1085440K
  class space    used 5199K, capacity 5546K, committed 5632K, reserved 1048576K
GC Heap History (20 events):
Event: 6.768 GC heap before
{Heap before GC invocations=6 (full 0):
 garbage-first heap   total 63488K, used 17214K [0x0000000080000000, 0x0000000100000000)
  region size 1024K, 4 young (4096K), 3 survivors (3072K)
 Metaspace       used 20702K, capacity 21081K, committed 21248K, reserved 1067008K
  class space    used 2543K, capacity 2712K, committed 2816K, reserved 1048576K
}
Event: 6.773 GC heap after
{Heap after GC invocations=7 (full 0):
 garbage-first heap   total 63488K, used 17529K [0x0000000080000000, 0x0000000100000000)
  region size 1024K, 2 young (2048K), 2 survivors (2048K)
 Metaspace       used 20702K, capacity 21081K, committed 21248K, reserved 1067008K
  class space    used 2543K, capacity 2712K, committed 2816K, reserved 1048576K
}
Event: 7.479 GC heap before
{Heap before GC invocations=8 (full 0):
 garbage-first heap   total 63488K, used 35961K [0x0000000080000000, 0x0000000100000000)
  region size 1024K, 21 young (21504K), 2 survivors (2048K)
 Metaspace       used 22788K, capacity 23244K, committed 23296K, reserved 1069056K
  class space    used 2874K, capacity 3034K, committed 3072K, reserved 1048576K
}
Event: 7.483 GC heap after
{Heap after GC invocations=9 (full 0):
 garbage-first heap   total 63488K, used 17773K [0x0000000080000000, 0x0000000100000000)
  region size 1024K, 2 young (2048K), 2 survivors (2048K)
 Metaspace       used 22788K, capacity 23244K, committed 23296K, reserved 1069056K
  class space    used 2874K, capacity 3034K, committed 3072K, reserved 1048576K
}
Event: 8.421 GC heap before
{Heap before GC invocations=9 (full 0):
 garbage-first heap   total 63488K, used 39277K [0x0000000080000000, 0x0000000100000000)
  region size 1024K, 23 young (23552K), 2 survivors (2048K)
 Metaspace       used 24987K, capacity 25623K, committed 25728K, reserved 1071104K
  class space    used 3196K, capacity 3422K, committed 3456K, reserved 1048576K
}
Event: 8.427 GC heap after
{Heap after GC invocations=10 (full 0):
 garbage-first heap   total 63488K, used 18683K [0x0000000080000000, 0x0000000100000000)
  region size 1024K, 3 young (3072K), 3 survivors (3072K)
 Metaspace       used 24987K, capacity 25623K, committed 25728K, reserved 1071104K
  class space    used 3196K, capacity 3422K, committed 3456K, reserved 1048576K
}
Event: 9.540 GC heap before
{Heap before GC invocations=10 (full 0):
 garbage-first heap   total 63488K, used 41211K [0x0000000080000000, 0x0000000100000000)
  region size 1024K, 25 young (25600K), 3 survivors (3072K)
 Metaspace       used 27355K, capacity 27921K, committed 28160K, reserved 1073152K
  class space    used 3586K, capacity 3812K, committed 3840K, reserved 1048576K
}
Event: 9.546 GC heap after
{Heap after GC invocations=11 (full 0):
 garbage-first heap   total 63488K, used 19661K [0x0000000080000000, 0x0000000100000000)
  region size 1024K, 3 young (3072K), 3 survivors (3072K)
 Metaspace       used 27355K, capacity 27921K, committed 28160K, reserved 1073152K
  class space    used 3586K, capacity 3812K, committed 3840K, reserved 1048576K
}
Event: 10.818 GC heap before
{Heap before GC invocations=11 (full 0):
 garbage-first heap   total 63488K, used 43213K [0x0000000080000000, 0x0000000100000000)
  region size 1024K, 26 young (26624K), 3 survivors (3072K)
 Metaspace       used 29523K, capacity 30203K, committed 30336K, reserved 1075200K
  class space    used 3932K, capacity 4168K, committed 4224K, reserved 1048576K
}
Event: 10.837 GC heap after
{Heap after GC invocations=12 (full 0):
 garbage-first heap   total 63488K, used 20410K [0x0000000080000000, 0x0000000100000000)
  region size 1024K, 3 young (3072K), 3 survivors (3072K)
 Metaspace       used 29523K, capacity 30203K, committed 30336K, reserved 1075200K
  class space    used 3932K, capacity 4168K, committed 4224K, reserved 1048576K
}
Event: 12.371 GC heap before
{Heap before GC invocations=12 (full 0):
 garbage-first heap   total 63488K, used 42938K [0x0000000080000000, 0x0000000100000000)
  region size 1024K, 26 young (26624K), 3 survivors (3072K)
 Metaspace       used 35038K, capacity 35796K, committed 35840K, reserved 1081344K
  class space    used 4544K, capacity 4842K, committed 4864K, reserved 1048576K
}
Event: 12.379 GC heap after
{Heap after GC invocations=13 (full 0):
 garbage-first heap   total 63488K, used 22719K [0x0000000080000000, 0x0000000100000000)
  region size 1024K, 4 young (4096K), 4 survivors (4096K)
 Metaspace       used 35038K, capacity 35796K, committed 35840K, reserved 1081344K
  class space    used 4544K, capacity 4842K, committed 4864K, reserved 1048576K
}
Event: 12.387 GC heap before
{Heap before GC invocations=13 (full 0):
 garbage-first heap   total 63488K, used 22719K [0x0000000080000000, 0x0000000100000000)
  region size 1024K, 5 young (5120K), 4 survivors (4096K)
 Metaspace       used 35060K, capacity 35799K, committed 35840K, reserved 1081344K
  class space    used 4549K, capacity 4843K, committed 4864K, reserved 1048576K
}
Event: 12.395 GC heap after
{Heap after GC invocations=14 (full 0):
 garbage-first heap   total 63488K, used 23224K [0x0000000080000000, 0x0000000100000000)
  region size 1024K, 1 young (1024K), 1 survivors (1024K)
 Metaspace       used 35060K, capacity 35799K, committed 35840K, reserved 1081344K
  class space    used 4549K, capacity 4843K, committed 4864K, reserved 1048576K
}
Event: 12.916 GC heap before
{Heap before GC invocations=15 (full 0):
 garbage-first heap   total 63488K, used 37560K [0x0000000080000000, 0x0000000100000000)
  region size 1024K, 16 young (16384K), 1 survivors (1024K)
 Metaspace       used 37023K, capacity 37833K, committed 38144K, reserved 1083392K
  class space    used 4761K, capacity 5051K, committed 5120K, reserved 1048576K
}
Event: 12.919 GC heap after
{Heap after GC invocations=16 (full 0):
 garbage-first heap   total 63488K, used 24505K [0x0000000080000000, 0x0000000100000000)
  region size 1024K, 2 young (2048K), 2 survivors (2048K)
 Metaspace       used 37023K, capacity 37833K, committed 38144K, reserved 1083392K
  class space    used 4761K, capacity 5051K, committed 5120K, reserved 1048576K
}
Event: 13.178 GC heap before
{Heap before GC invocations=16 (full 0):
 garbage-first heap   total 63488K, used 40889K [0x0000000080000000, 0x0000000100000000)
  region size 1024K, 18 young (18432K), 2 survivors (2048K)
 Metaspace       used 37768K, capacity 38655K, committed 38784K, reserved 1083392K
  class space    used 4868K, capacity 5173K, committed 5248K, reserved 1048576K
}
Event: 13.181 GC heap after
{Heap after GC invocations=17 (full 0):
 garbage-first heap   total 63488K, used 25047K [0x0000000080000000, 0x0000000100000000)
  region size 1024K, 2 young (2048K), 2 survivors (2048K)
 Metaspace       used 37768K, capacity 38655K, committed 38784K, reserved 1083392K
  class space    used 4868K, capacity 5173K, committed 5248K, reserved 1048576K
}
Event: 13.571 GC heap before
{Heap before GC invocations=17 (full 0):
 garbage-first heap   total 63488K, used 44503K [0x0000000080000000, 0x0000000100000000)
  region size 1024K, 19 young (19456K), 2 survivors (2048K)
 Metaspace       used 39320K, capacity 40217K, committed 40448K, reserved 1085440K
  class space    used 5014K, capacity 5353K, committed 5376K, reserved 1048576K
}
Event: 13.576 GC heap after
{Heap after GC invocations=18 (full 0):
 garbage-first heap   total 63488K, used 26370K [0x0000000080000000, 0x0000000100000000)
  region size 1024K, 3 young (3072K), 3 survivors (3072K)
 Metaspace       used 39320K, capacity 40217K, committed 40448K, reserved 1085440K
  class space    used 5014K, capacity 5353K, committed 5376K, reserved 1048576K
}

