# JRE version: OpenJDK Runtime Environment (11.0.12+7) (build 11.0.12+7-b1504.28-7817840)
# Java VM: OpenJDK 64-Bit Server VM (11.0.12+7-b1504.28-7817840, mixed mode, tiered, compressed oops, g1 gc, windows-amd64)
Heap:
 garbage-first heap   total 92160K, used 56824K [0x0000000080000000, 0x0000000100000000)
  region size 1024K, 7 young (7168K), 3 survivors (3072K)
 Metaspace       used 65972K, capacity 67528K, committed 67712K, reserved 1107968K
  class space    used 8404K, capacity 8996K, committed 9088K, reserved 1048576K
GC Heap History (20 events):
Event: 13.522 GC heap before
{Heap before GC invocations=21 (full 0):
 garbage-first heap   total 76800K, used 61410K [0x0000000080000000, 0x0000000100000000)
  region size 1024K, 29 young (29696K), 3 survivors (3072K)
 Metaspace       used 48806K, capacity 50023K, committed 50304K, reserved 1093632K
  class space    used 6250K, capacity 6730K, committed 6784K, reserved 1048576K
}
Event: 13.536 GC heap after
{Heap after GC invocations=22 (full 0):
 garbage-first heap   total 76800K, used 42611K [0x0000000080000000, 0x0000000100000000)
  region size 1024K, 4 young (4096K), 4 survivors (4096K)
 Metaspace       used 48806K, capacity 50023K, committed 50304K, reserved 1093632K
  class space    used 6250K, capacity 6730K, committed 6784K, reserved 1048576K
}
Event: 14.359 GC heap before
{Heap before GC invocations=22 (full 0):
 garbage-first heap   total 76800K, used 60019K [0x0000000080000000, 0x0000000100000000)
  region size 1024K, 21 young (21504K), 4 survivors (4096K)
 Metaspace       used 51032K, capacity 52251K, committed 52352K, reserved 1095680K
  class space    used 6522K, capacity 6995K, committed 7040K, reserved 1048576K
}
Event: 14.367 GC heap after
{Heap after GC invocations=23 (full 0):
 garbage-first heap   total 76800K, used 43702K [0x0000000080000000, 0x0000000100000000)
  region size 1024K, 1 young (1024K), 1 survivors (1024K)
 Metaspace       used 51032K, capacity 52251K, committed 52352K, reserved 1095680K
  class space    used 6522K, capacity 6995K, committed 7040K, reserved 1048576K
}
Event: 15.223 GC heap before
{Heap before GC invocations=24 (full 0):
 garbage-first heap   total 76800K, used 60086K [0x0000000080000000, 0x0000000100000000)
  region size 1024K, 18 young (18432K), 1 survivors (1024K)
 Metaspace       used 53296K, capacity 54598K, committed 54784K, reserved 1097728K
  class space    used 6818K, capacity 7328K, committed 7424K, reserved 1048576K
}
Event: 15.228 GC heap after
{Heap after GC invocations=25 (full 0):
 garbage-first heap   total 92160K, used 44131K [0x0000000080000000, 0x0000000100000000)
  region size 1024K, 2 young (2048K), 2 survivors (2048K)
 Metaspace       used 53296K, capacity 54598K, committed 54784K, reserved 1097728K
  class space    used 6818K, capacity 7328K, committed 7424K, reserved 1048576K
}
Event: 15.735 GC heap before
{Heap before GC invocations=25 (full 0):
 garbage-first heap   total 92160K, used 67683K [0x0000000080000000, 0x0000000100000000)
  region size 1024K, 25 young (25600K), 2 survivors (2048K)
 Metaspace       used 57063K, capacity 58410K, committed 58496K, reserved 1099776K
  class space    used 7268K, capacity 7784K, committed 7808K, reserved 1048576K
}
Event: 15.739 GC heap after
{Heap after GC invocations=26 (full 0):
 garbage-first heap   total 92160K, used 44927K [0x0000000080000000, 0x0000000100000000)
  region size 1024K, 3 young (3072K), 3 survivors (3072K)
 Metaspace       used 57063K, capacity 58410K, committed 58496K, reserved 1099776K
  class space    used 7268K, capacity 7784K, committed 7808K, reserved 1048576K
}
Event: 16.352 GC heap before
{Heap before GC invocations=27 (full 0):
 garbage-first heap   total 92160K, used 67455K [0x0000000080000000, 0x0000000100000000)
  region size 1024K, 26 young (26624K), 3 survivors (3072K)
 Metaspace       used 60733K, capacity 62154K, committed 62336K, reserved 1103872K
  class space    used 7725K, capacity 8286K, committed 8320K, reserved 1048576K
}
Event: 16.358 GC heap after
{Heap after GC invocations=28 (full 0):
 garbage-first heap   total 92160K, used 46893K [0x0000000080000000, 0x0000000100000000)
  region size 1024K, 4 young (4096K), 4 survivors (4096K)
 Metaspace       used 60733K, capacity 62154K, committed 62336K, reserved 1103872K
  class space    used 7725K, capacity 8286K, committed 8320K, reserved 1048576K
}
Event: 16.723 GC heap before
{Heap before GC invocations=28 (full 0):
 garbage-first heap   total 92160K, used 69421K [0x0000000080000000, 0x0000000100000000)
  region size 1024K, 27 young (27648K), 4 survivors (4096K)
 Metaspace       used 62563K, capacity 64068K, committed 64384K, reserved 1105920K
  class space    used 7943K, capacity 8514K, committed 8576K, reserved 1048576K
}
Event: 16.733 GC heap after
{Heap after GC invocations=29 (full 0):
 garbage-first heap   total 92160K, used 48945K [0x0000000080000000, 0x0000000100000000)
  region size 1024K, 4 young (4096K), 4 survivors (4096K)
 Metaspace       used 62563K, capacity 64068K, committed 64384K, reserved 1105920K
  class space    used 7943K, capacity 8514K, committed 8576K, reserved 1048576K
}
Event: 17.089 GC heap before
{Heap before GC invocations=30 (full 0):
 garbage-first heap   total 92160K, used 72497K [0x0000000080000000, 0x0000000100000000)
  region size 1024K, 27 young (27648K), 4 survivors (4096K)
 Metaspace       used 64309K, capacity 65810K, committed 65920K, reserved 1105920K
  class space    used 8192K, capacity 8752K, committed 8832K, reserved 1048576K
}
Event: 17.098 GC heap after
{Heap after GC invocations=31 (full 0):
 garbage-first heap   total 92160K, used 50409K [0x0000000080000000, 0x0000000100000000)
  region size 1024K, 2 young (2048K), 2 survivors (2048K)
 Metaspace       used 64309K, capacity 65810K, committed 65920K, reserved 1105920K
  class space    used 8192K, capacity 8752K, committed 8832K, reserved 1048576K
}
Event: 17.190 GC heap before
{Heap before GC invocations=31 (full 0):
 garbage-first heap   total 92160K, used 52457K [0x0000000080000000, 0x0000000100000000)
  region size 1024K, 5 young (5120K), 2 survivors (2048K)
 Metaspace       used 64556K, capacity 66019K, committed 66176K, reserved 1105920K
  class space    used 8206K, capacity 8755K, committed 8832K, reserved 1048576K
}
Event: 17.193 GC heap after
{Heap after GC invocations=32 (full 0):
 garbage-first heap   total 92160K, used 50696K [0x0000000080000000, 0x0000000100000000)
  region size 1024K, 2 young (2048K), 2 survivors (2048K)
 Metaspace       used 64556K, capacity 66019K, committed 66176K, reserved 1105920K
  class space    used 8206K, capacity 8755K, committed 8832K, reserved 1048576K
}
Event: 17.509 GC heap before
{Heap before GC invocations=33 (full 0):
 garbage-first heap   total 92160K, used 73224K [0x0000000080000000, 0x0000000100000000)
  region size 1024K, 23 young (23552K), 2 survivors (2048K)
 Metaspace       used 65362K, capacity 66935K, committed 67072K, reserved 1107968K
  class space    used 8336K, capacity 8926K, committed 8960K, reserved 1048576K
}
Event: 17.514 GC heap after
{Heap after GC invocations=34 (full 0):
 garbage-first heap   total 92160K, used 51976K [0x0000000080000000, 0x0000000100000000)
  region size 1024K, 2 young (2048K), 2 survivors (2048K)
 Metaspace       used 65362K, capacity 66935K, committed 67072K, reserved 1107968K
  class space    used 8336K, capacity 8926K, committed 8960K, reserved 1048576K
}
Event: 17.699 GC heap before
{Heap before GC invocations=34 (full 0):
 garbage-first heap   total 92160K, used 73480K [0x0000000080000000, 0x0000000100000000)
  region size 1024K, 23 young (23552K), 2 survivors (2048K)
 Metaspace       used 65512K, capacity 67109K, committed 67456K, reserved 1107968K
  class space    used 8353K, capacity 8963K, committed 9088K, reserved 1048576K
}
Event: 17.705 GC heap after
{Heap after GC invocations=35 (full 0):
 garbage-first heap   total 92160K, used 53752K [0x0000000080000000, 0x0000000100000000)
  region size 1024K, 3 young (3072K), 3 survivors (3072K)
 Metaspace       used 65512K, capacity 67109K, committed 67456K, reserved 1107968K
  class space    used 8353K, capacity 8963K, committed 9088K, reserved 1048576K
}

